<?xml version="1.0" encoding="UTF-8"?>
<!-- Generated by org.testng.reporters.JUnitReportReporter -->
<testsuite hostname="DESKTOP-NFL33GS" failures="0" tests="1" name="Paral_bank_site.New" time="0.016" errors="0" timestamp="2025-09-02T23:29:06 PKT" skipped="0">
  <testcase classname="Paral_bank_site.New" name="Register_site" time="0.016"/>
</testsuite> <!-- Paral_bank_site.New -->
